<?xml version="1.0" encoding="UTF-8"?>
<!-- Generated by org.testng.reporters.JUnitReportReporter -->
<testsuite hostname="ip-192-168-1-9.ap-south-1.compute.internal" failures="0" tests="17" name="Trial.TaskPage_Script" time="1907.070" errors="0" timestamp="2025-09-27T09:26:24 IST" skipped="0">
  <testcase classname="Trial.TaskPage_Script" name="Taskpage1" time="352.310"/>
  <testcase classname="Trial.TaskPage_Script" name="DailystreakButton2" time="39.708"/>
  <testcase classname="Trial.TaskPage_Script" name="collectpendingcoins3" time="207.798"/>
  <testcase classname="Trial.TaskPage_Script" name="collectpendingcoins4" time="96.572"/>
  <testcase classname="Trial.TaskPage_Script" name="Taskpagequestions5" time="60.180"/>
  <testcase classname="Trial.TaskPage_Script" name="Taskpagequestions6" time="61.436"/>
  <testcase classname="Trial.TaskPage_Script" name="Taskpagequestions7" time="55.915"/>
  <testcase classname="Trial.TaskPage_Script" name="Taskdone8" time="42.541"/>
  <testcase classname="Trial.TaskPage_Script" name="SeeAlloffers9" time="55.569"/>
  <testcase classname="Trial.TaskPage_Script" name="Taskpage10" time="42.111"/>
  <testcase classname="Trial.TaskPage_Script" name="OpenContestFromTaskPage11" time="134.741"/>
  <testcase classname="Trial.TaskPage_Script" name="SeeMoreTasks12" time="50.286"/>
  <testcase classname="Trial.TaskPage_Script" name="CollectPendingCoinsfromRewardGaming13" time="183.229"/>
  <testcase classname="Trial.TaskPage_Script" name="CollectPendingCoinsfromRewardWinning14" time="175.011"/>
  <testcase classname="Trial.TaskPage_Script" name="SpinWheel15" time="248.804"/>
  <testcase classname="Trial.TaskPage_Script" name="QuizFFLeaderBoard16" time="63.531"/>
  <testcase classname="Trial.TaskPage_Script" name="IPLleaderboard17" time="37.328"/>
</testsuite> <!-- Trial.TaskPage_Script -->
