<?xml version="1.0" encoding="UTF-8"?>
<!-- Generated by org.testng.reporters.JUnitReportReporter -->
<testsuite hostname="ip-192-168-1-9.ap-south-1.compute.internal" failures="0" tests="2" name="Trial.SideNav_Script" time="163.207" errors="0" timestamp="2025-09-26T17:45:44 IST" skipped="0">
  <testcase classname="Trial.SideNav_Script" name="SideNavcreateBtn6" time="56.520"/>
  <testcase classname="Trial.SideNav_Script" name="SideNavCoinandDiamondlog27" time="106.687"/>
</testsuite> <!-- Trial.SideNav_Script -->
