<?xml version="1.0" encoding="UTF-8"?>
<!-- Generated by org.testng.reporters.JUnitReportReporter -->
<testsuite hostname="rooters-MacBook-Pro.local" failures="0" tests="1" name="trial1.IRLlivetest" time="34.873" errors="0" timestamp="2024-01-03T14:31:18 IST" skipped="0">
  <testcase classname="trial1.IRLlivetest" name="createbtnIRL" time="34.873"/>
</testsuite> <!-- trial1.IRLlivetest -->
