<?xml version="1.0" encoding="UTF-8"?>
<!-- Generated by org.testng.reporters.JUnitReportReporter -->
<testsuite hostname="ip-192-168-1-9.ap-south-1.compute.internal" failures="0" tests="4" name="Trial.Coin_Count" time="381.040" errors="0" timestamp="2025-09-27T09:26:24 IST" skipped="0">
  <testcase classname="Trial.Coin_Count" name="CoinsCount01" time="50.571"/>
  <testcase classname="Trial.Coin_Count" name="CoinsCount02" time="192.043"/>
  <testcase classname="Trial.Coin_Count" name="CoinsCount03" time="47.046"/>
  <testcase classname="Trial.Coin_Count" name="CoinsCount04" time="91.380"/>
</testsuite> <!-- Trial.Coin_Count -->
