<?xml version="1.0" encoding="UTF-8"?>
<!-- Generated by org.testng.reporters.JUnitReportReporter -->
<testsuite hostname="rooters-MacBook-Pro.local" failures="0" tests="3" name="Trial.Scroll_Script" time="833.195" errors="0" timestamp="2024-05-22T21:47:12 IST" skipped="0">
  <testcase classname="Trial.Scroll_Script" name="BGMiSearchCreatorListScroll1" time="216.357"/>
  <testcase classname="Trial.Scroll_Script" name="MinecraftSearchReelScroll2" time="492.608"/>
  <testcase classname="Trial.Scroll_Script" name="SearchVideoScroll03" time="124.230"/>
</testsuite> <!-- Trial.Scroll_Script -->
