<?xml version="1.0" encoding="UTF-8"?>
<!-- Generated by org.testng.reporters.JUnitReportReporter -->
<testsuite hostname="Rooter-HarshitMishra.local" failures="0" tests="2" name="trial1.AmzonPrimeVoucher_Script" time="11.330" errors="1" timestamp="2024-07-09T19:44:04 IST" skipped="1">
  <testcase classname="trial1.AmzonPrimeVoucher_Script" name="setup2" time="11.330">
    <error message="Could not start a new session. Response code 500. Message: An unknown server-side error occurred while processing the command. Original error: Could not proxy command to the remote server. Original error: socket hang up 
Host info: host: &#039;Rooter-HarshitMishra.local&#039;, ip: &#039;fe80:0:0:0:1cdf:9a0b:75b9:5997%en0&#039;
Build info: version: &#039;4.9.1&#039;, revision: &#039;eb2032df7f&#039;
System info: os.name: &#039;Mac OS X&#039;, os.arch: &#039;x86_64&#039;, os.version: &#039;14.5&#039;, java.version: &#039;17.0.7&#039;
Driver info: io.appium.java_client.AppiumDriver
Command: [null, newSession {capabilities=[{appium:appActivity=com.google.android.apps.chrome.Main, appium:appPackage=com.android.chrome, appium:autoGrantPermissions=true, appium:deviceName=13793294180004Z, appium:ignoreHiddenApiPolicyError=true, appium:noReset=false, platformName=ANDROID, appium:platformVersion=14}], desiredCapabilities=Capabilities {appActivity: com.google.android.apps.chr..., appPackage: com.android.chrome, autoGrantPermissions: true, deviceName: 13793294180004Z, ignoreHiddenApiPolicyError: true, noReset: false, platformName: ANDROID, platformVersion: 14}}]
Capabilities {appActivity: com.google.android.apps.chr..., appPackage: com.android.chrome, autoGrantPermissions: true, deviceName: 13793294180004Z, ignoreHiddenApiPolicyError: true, noReset: false, platformName: ANDROID, platformVersion: 14}" type="org.openqa.selenium.SessionNotCreatedException">
      <![CDATA[org.openqa.selenium.SessionNotCreatedException: Could not start a new session. Response code 500. Message: An unknown server-side error occurred while processing the command. Original error: Could not proxy command to the remote server. Original error: socket hang up 
Host info: host: 'Rooter-HarshitMishra.local', ip: 'fe80:0:0:0:1cdf:9a0b:75b9:5997%en0'
Build info: version: '4.9.1', revision: 'eb2032df7f'
System info: os.name: 'Mac OS X', os.arch: 'x86_64', os.version: '14.5', java.version: '17.0.7'
Driver info: io.appium.java_client.AppiumDriver
Command: [null, newSession {capabilities=[{appium:appActivity=com.google.android.apps.chrome.Main, appium:appPackage=com.android.chrome, appium:autoGrantPermissions=true, appium:deviceName=13793294180004Z, appium:ignoreHiddenApiPolicyError=true, appium:noReset=false, platformName=ANDROID, appium:platformVersion=14}], desiredCapabilities=Capabilities {appActivity: com.google.android.apps.chr..., appPackage: com.android.chrome, autoGrantPermissions: true, deviceName: 13793294180004Z, ignoreHiddenApiPolicyError: true, noReset: false, platformName: ANDROID, platformVersion: 14}}]
Capabilities {appActivity: com.google.android.apps.chr..., appPackage: com.android.chrome, autoGrantPermissions: true, deviceName: 13793294180004Z, ignoreHiddenApiPolicyError: true, noReset: false, platformName: ANDROID, platformVersion: 14}
at org.openqa.selenium.remote.ProtocolHandshake.createSession(ProtocolHandshake.java:136)
at java.base/jdk.internal.reflect.NativeMethodAccessorImpl.invoke0(Native Method)
at java.base/jdk.internal.reflect.NativeMethodAccessorImpl.invoke(NativeMethodAccessorImpl.java:77)
at java.base/jdk.internal.reflect.DelegatingMethodAccessorImpl.invoke(DelegatingMethodAccessorImpl.java:43)
at java.base/java.lang.reflect.Method.invoke(Method.java:568)
at io.appium.java_client.remote.AppiumProtocolHandshake.createSession(AppiumProtocolHandshake.java:133)
at io.appium.java_client.remote.AppiumProtocolHandshake.createSession(AppiumProtocolHandshake.java:102)
at io.appium.java_client.remote.AppiumCommandExecutor.createSession(AppiumCommandExecutor.java:182)
at io.appium.java_client.remote.AppiumCommandExecutor.execute(AppiumCommandExecutor.java:250)
at org.openqa.selenium.remote.RemoteWebDriver.execute(RemoteWebDriver.java:543)
at io.appium.java_client.AppiumDriver.startSession(AppiumDriver.java:274)
at org.openqa.selenium.remote.RemoteWebDriver.<init>(RemoteWebDriver.java:157)
at io.appium.java_client.AppiumDriver.<init>(AppiumDriver.java:89)
at io.appium.java_client.AppiumDriver.<init>(AppiumDriver.java:101)
at trial1.AmzonPrimeVoucher_Script.setup2(AmzonPrimeVoucher_Script.java:356)
at java.base/jdk.internal.reflect.NativeMethodAccessorImpl.invoke0(Native Method)
at java.base/jdk.internal.reflect.NativeMethodAccessorImpl.invoke(NativeMethodAccessorImpl.java:77)
at java.base/jdk.internal.reflect.DelegatingMethodAccessorImpl.invoke(DelegatingMethodAccessorImpl.java:43)
at java.base/java.lang.reflect.Method.invoke(Method.java:568)
at org.testng.internal.invokers.MethodInvocationHelper.invokeMethod(MethodInvocationHelper.java:139)
at org.testng.internal.invokers.MethodInvocationHelper.invokeMethodConsideringTimeout(MethodInvocationHelper.java:69)
at org.testng.internal.invokers.ConfigInvoker.invokeConfigurationMethod(ConfigInvoker.java:390)
at org.testng.internal.invokers.ConfigInvoker.invokeConfigurations(ConfigInvoker.java:325)
at org.testng.internal.invokers.TestInvoker.runConfigMethods(TestInvoker.java:810)
at org.testng.internal.invokers.TestInvoker.invokeMethod(TestInvoker.java:577)
at org.testng.internal.invokers.TestInvoker.invokeTestMethod(TestInvoker.java:227)
at org.testng.internal.invokers.MethodRunner.runInSequence(MethodRunner.java:50)
at org.testng.internal.invokers.TestInvoker$MethodInvocationAgent.invoke(TestInvoker.java:957)
at org.testng.internal.invokers.TestInvoker.invokeTestMethods(TestInvoker.java:200)
at org.testng.internal.invokers.TestMethodWorker.invokeTestMethods(TestMethodWorker.java:148)
at org.testng.internal.invokers.TestMethodWorker.run(TestMethodWorker.java:128)
at java.base/java.util.ArrayList.forEach(ArrayList.java:1511)
at org.testng.TestRunner.privateRun(TestRunner.java:848)
at org.testng.TestRunner.run(TestRunner.java:621)
at org.testng.SuiteRunner.runTest(SuiteRunner.java:443)
at org.testng.SuiteRunner.runSequentially(SuiteRunner.java:437)
at org.testng.SuiteRunner.privateRun(SuiteRunner.java:397)
at org.testng.SuiteRunner.run(SuiteRunner.java:336)
at org.testng.SuiteRunnerWorker.runSuite(SuiteRunnerWorker.java:52)
at org.testng.SuiteRunnerWorker.run(SuiteRunnerWorker.java:95)
at org.testng.TestNG.runSuitesSequentially(TestNG.java:1280)
at org.testng.TestNG.runSuitesLocally(TestNG.java:1200)
at org.testng.TestNG.runSuites(TestNG.java:1114)
at org.testng.TestNG.run(TestNG.java:1082)
at org.testng.remote.AbstractRemoteTestNG.run(AbstractRemoteTestNG.java:115)
at org.testng.remote.RemoteTestNG.initAndRun(RemoteTestNG.java:251)
at org.testng.remote.RemoteTestNG.main(RemoteTestNG.java:77)
]]>
    </error>
  </testcase> <!-- setup2 -->
  <testcase classname="trial1.AmzonPrimeVoucher_Script" name="AmazonPrimeVoucher01" time="0.000">
    <skipped/>
  </testcase> <!-- AmazonPrimeVoucher01 -->
</testsuite> <!-- trial1.AmzonPrimeVoucher_Script -->
