<?xml version="1.0" encoding="UTF-8"?>
<!-- Generated by org.testng.reporters.JUnitReportReporter -->
<testsuite hostname="Rooter-HarshitMishra.local" failures="0" tests="1" name="Trial.CancelledSubscription_Script" time="59.777" errors="0" timestamp="2024-08-16T16:15:48 IST" skipped="0">
  <testcase classname="Trial.CancelledSubscription_Script" name="ProPurchasehistoryPage06" time="59.777"/>
</testsuite> <!-- Trial.CancelledSubscription_Script -->
