<?xml version="1.0" encoding="UTF-8"?>
<!-- Generated by org.testng.reporters.JUnitReportReporter -->
<testsuite hostname="ip-192-168-1-9.ap-south-1.compute.internal" failures="0" tests="13" name="Trial.BuyDiamondUI_Script" time="789.242" errors="0" timestamp="2025-09-27T09:26:24 IST" skipped="0">
  <testcase classname="Trial.BuyDiamondUI_Script" name="SideNavigationDiamond1" time="46.424"/>
  <testcase classname="Trial.BuyDiamondUI_Script" name="DiamondPurchase2" time="41.581"/>
  <testcase classname="Trial.BuyDiamondUI_Script" name="Diamondpurchase3" time="41.012"/>
  <testcase classname="Trial.BuyDiamondUI_Script" name="DiamondPurchase4" time="37.555"/>
  <testcase classname="Trial.BuyDiamondUI_Script" name="DiamondPurchase5" time="38.240"/>
  <testcase classname="Trial.BuyDiamondUI_Script" name="DiamondPurchase6" time="42.806"/>
  <testcase classname="Trial.BuyDiamondUI_Script" name="DiamondPurchase7" time="45.807"/>
  <testcase classname="Trial.BuyDiamondUI_Script" name="DiamondPurchase8" time="40.375"/>
  <testcase classname="Trial.BuyDiamondUI_Script" name="Diamond600Purchase9" time="40.427"/>
  <testcase classname="Trial.BuyDiamondUI_Script" name="DiamondPurchase10" time="47.967"/>
  <testcase classname="Trial.BuyDiamondUI_Script" name="DiamondPageUICheck11" time="77.356"/>
  <testcase classname="Trial.BuyDiamondUI_Script" name="DiamondPackRepeation12" time="205.341"/>
  <testcase classname="Trial.BuyDiamondUI_Script" name="DiamondPayout133" time="84.351"/>
</testsuite> <!-- Trial.BuyDiamondUI_Script -->
