<?xml version="1.0" encoding="UTF-8"?>
<!-- Generated by org.testng.reporters.JUnitReportReporter -->
<testsuite hostname="ip-192-168-1-9.ap-south-1.compute.internal" failures="0" tests="6" name="Trial.InAppNotification_Script" time="596.218" errors="0" timestamp="2025-09-27T09:26:24 IST" skipped="0">
  <testcase classname="Trial.InAppNotification_Script" name="InAppNotificationTest1" time="122.251"/>
  <testcase classname="Trial.InAppNotification_Script" name="InAppNotificationUpdatesTab2" time="45.921"/>
  <testcase classname="Trial.InAppNotification_Script" name="InAppNotificationActivityTab3" time="58.484"/>
  <testcase classname="Trial.InAppNotification_Script" name="InAppNotificationUpdateTab4" time="47.687"/>
  <testcase classname="Trial.InAppNotification_Script" name="InAppNotificationTab5" time="122.691"/>
  <testcase classname="Trial.InAppNotification_Script" name="InAppNotificationHiostory6" time="199.184"/>
</testsuite> <!-- Trial.InAppNotification_Script -->
