<?xml version="1.0" encoding="UTF-8"?>
<!-- Generated by org.testng.reporters.JUnitReportReporter -->
<testsuite hostname="ip-192-168-1-9.ap-south-1.compute.internal" failures="0" tests="3" name="Trial.ContestPage_Script" time="168.462" errors="0" timestamp="2025-09-27T09:26:24 IST" skipped="0">
  <testcase classname="Trial.ContestPage_Script" name="contestDatafunctionaltest1" time="71.302"/>
  <testcase classname="Trial.ContestPage_Script" name="Contestpagehistorydatatest2" time="48.282"/>
  <testcase classname="Trial.ContestPage_Script" name="ContestpageBanner3" time="48.878"/>
</testsuite> <!-- Trial.ContestPage_Script -->
