<?xml version="1.0" encoding="UTF-8"?>
<!-- Generated by org.testng.reporters.JUnitReportReporter -->
<testsuite hostname="rooters-MacBook-Pro.local" failures="0" tests="1" name="Trial.Regressiontest" time="222.842" errors="0" timestamp="2024-04-26T22:12:58 IST" skipped="0">
  <testcase classname="Trial.Regressiontest" name="VideoqualitychangeafterPIP5" time="222.842"/>
</testsuite> <!-- Trial.Regressiontest -->
