<?xml version="1.0" encoding="UTF-8"?>
<!-- Generated by org.testng.reporters.JUnitReportReporter -->
<testsuite hostname="ip-192-168-1-9.ap-south-1.compute.internal" failures="0" tests="26" name="Trial.Search_Script" time="1845.613" errors="0" timestamp="2025-09-27T09:26:24 IST" skipped="0">
  <testcase classname="Trial.Search_Script" name="BasicSearchTest1" time="36.596"/>
  <testcase classname="Trial.Search_Script" name="GarenafreefireSearchReelDataTest2" time="54.282"/>
  <testcase classname="Trial.Search_Script" name="GarenafreefireSearchVideoTest3" time="97.277"/>
  <testcase classname="Trial.Search_Script" name="IRLSearchReelTest4" time="58.006"/>
  <testcase classname="Trial.Search_Script" name="IRLSearchVideoTest5" time="56.976"/>
  <testcase classname="Trial.Search_Script" name="MinecraftSearchVideoTest6" time="101.660"/>
  <testcase classname="Trial.Search_Script" name="Followotherchannelfromserach7" time="72.153"/>
  <testcase classname="Trial.Search_Script" name="BGMSSearchCreatorList8" time="54.220"/>
  <testcase classname="Trial.Search_Script" name="othersprofilefollowrfollwoingtest9" time="72.244"/>
  <testcase classname="Trial.Search_Script" name="MinecraftSearchReelTest9" time="54.048"/>
  <testcase classname="Trial.Search_Script" name="SearchVideoPlayerLikeWatchNWin10" time="111.368"/>
  <testcase classname="Trial.Search_Script" name="BGMISearchReelTest11" time="55.536"/>
  <testcase classname="Trial.Search_Script" name="PUBGSearchReelTest12" time="57.587"/>
  <testcase classname="Trial.Search_Script" name="MinecraftSearchVideoTest13" time="111.159"/>
  <testcase classname="Trial.Search_Script" name="GTASearchVideoTest14" time="89.752"/>
  <testcase classname="Trial.Search_Script" name="GTASearchReelTest15" time="57.199"/>
  <testcase classname="Trial.Search_Script" name="GTASearchCreatorList16" time="52.551"/>
  <testcase classname="Trial.Search_Script" name="MinecreftSearchCreatorList17" time="55.951"/>
  <testcase classname="Trial.Search_Script" name="PUBGSearchCreatorList18" time="54.618"/>
  <testcase classname="Trial.Search_Script" name="SearchVideoUITest19" time="142.523"/>
  <testcase classname="Trial.Search_Script" name="SearchLiveUITest20" time="105.648"/>
  <testcase classname="Trial.Search_Script" name="BGMISearchCreatortabTest21" time="53.832"/>
  <testcase classname="Trial.Search_Script" name="PUBGSearchCreatortabTest22" time="54.671"/>
  <testcase classname="Trial.Search_Script" name="GTASearchCreatortabTest23" time="55.711"/>
  <testcase classname="Trial.Search_Script" name="MinecraftSearchCreatortabTest24" time="53.568"/>
  <testcase classname="Trial.Search_Script" name="OtherProfileFollowingFollowerlist25" time="76.477"/>
</testsuite> <!-- Trial.Search_Script -->
