<?xml version="1.0" encoding="UTF-8"?>
<!-- Generated by org.testng.reporters.JUnitReportReporter -->
<testsuite hostname="rooters-MacBook-Pro.local" failures="0" tests="1" name="Trial.Sharecount_Script" time="153.076" errors="0" timestamp="2024-05-14T15:33:24 IST" skipped="0">
  <testcase classname="Trial.Sharecount_Script" name="ShareCountOnLiveStreamHomePage01" time="153.076"/>
</testsuite> <!-- Trial.Sharecount_Script -->
