<?xml version="1.0" encoding="UTF-8"?>
<!-- Generated by org.testng.reporters.JUnitReportReporter -->
<testsuite hostname="ip-192-168-11-4.ap-south-1.compute.internal" failures="0" tests="1" name="Trial.TaskLanding_Script" time="79.971" errors="0" timestamp="2025-04-16T15:40:31 IST" skipped="0">
  <testcase classname="Trial.TaskLanding_Script" name="IPLleaderboard07" time="79.971"/>
</testsuite> <!-- Trial.TaskLanding_Script -->
