<?xml version="1.0" encoding="UTF-8"?>
<!-- Generated by org.testng.reporters.JUnitReportReporter -->
<testsuite hostname="Rooter-HarshitMishra.local" failures="0" tests="2" name="IOS.Login_ProUser" time="1.503" errors="1" timestamp="2024-08-05T17:32:36 IST" skipped="1">
  <testcase classname="IOS.Login_ProUser" name="setup" time="1.503">
    <error message="Could not start a new session. Response code 500. Message: An unknown server-side error occurred while processing the command. Original error: Could not create simulator with name &#039;appiumTest-D221F2F3-E98A-4267-8BE0-07E73F079546-iPhone X&#039;, device type id &#039;iPhone X&#039;, with runtime ids &#039;com.apple.CoreSimulator.SimRuntime.iOS-17-5&#039; 
Host info: host: &#039;Rooter-HarshitMishra.local&#039;, ip: &#039;fe80:0:0:0:c04:cad1:3cf0:5cd4%en0&#039;
Build info: version: &#039;4.16.1&#039;, revision: &#039;9b4c83354e&#039;
System info: os.name: &#039;Mac OS X&#039;, os.arch: &#039;x86_64&#039;, os.version: &#039;14.5&#039;, java.version: &#039;17.0.7&#039;
Driver info: io.appium.java_client.AppiumDriver
Command: [null, newSession {capabilities=[{appium:App=/Users/rooter/Desktop/Rooter.app, appium:UDID=A5F83732-933C-4AC9-9B1C-F4CEF01742D5, appium:autoGrantPermissions=true, appium:deviceName=iPhone Simulator, appium:ignoreHiddenApiPolicyError=true, appium:noReset=false, platformName=IOS, appium:platformVersion=17.5}], desiredCapabilities=Capabilities {App: /Users/rooter/Desktop/Roote..., UDID: A5F83732-933C-4AC9-9B1C-F4C..., autoGrantPermissions: true, deviceName: iPhone Simulator, ignoreHiddenApiPolicyError: true, noReset: false, platformName: IOS, platformVersion: 17.5}}]
Capabilities {App: /Users/rooter/Desktop/Roote..., UDID: A5F83732-933C-4AC9-9B1C-F4C..., autoGrantPermissions: true, deviceName: iPhone Simulator, ignoreHiddenApiPolicyError: true, noReset: false, platformName: IOS, platformVersion: 17.5}" type="org.openqa.selenium.SessionNotCreatedException">
      <![CDATA[org.openqa.selenium.SessionNotCreatedException: Could not start a new session. Response code 500. Message: An unknown server-side error occurred while processing the command. Original error: Could not create simulator with name 'appiumTest-D221F2F3-E98A-4267-8BE0-07E73F079546-iPhone X', device type id 'iPhone X', with runtime ids 'com.apple.CoreSimulator.SimRuntime.iOS-17-5' 
Host info: host: 'Rooter-HarshitMishra.local', ip: 'fe80:0:0:0:c04:cad1:3cf0:5cd4%en0'
Build info: version: '4.16.1', revision: '9b4c83354e'
System info: os.name: 'Mac OS X', os.arch: 'x86_64', os.version: '14.5', java.version: '17.0.7'
Driver info: io.appium.java_client.AppiumDriver
Command: [null, newSession {capabilities=[{appium:App=/Users/rooter/Desktop/Rooter.app, appium:UDID=A5F83732-933C-4AC9-9B1C-F4CEF01742D5, appium:autoGrantPermissions=true, appium:deviceName=iPhone Simulator, appium:ignoreHiddenApiPolicyError=true, appium:noReset=false, platformName=IOS, appium:platformVersion=17.5}], desiredCapabilities=Capabilities {App: /Users/rooter/Desktop/Roote..., UDID: A5F83732-933C-4AC9-9B1C-F4C..., autoGrantPermissions: true, deviceName: iPhone Simulator, ignoreHiddenApiPolicyError: true, noReset: false, platformName: IOS, platformVersion: 17.5}}]
Capabilities {App: /Users/rooter/Desktop/Roote..., UDID: A5F83732-933C-4AC9-9B1C-F4C..., autoGrantPermissions: true, deviceName: iPhone Simulator, ignoreHiddenApiPolicyError: true, noReset: false, platformName: IOS, platformVersion: 17.5}
at org.openqa.selenium.remote.ProtocolHandshake.createSession(ProtocolHandshake.java:140)
at java.base/jdk.internal.reflect.NativeMethodAccessorImpl.invoke0(Native Method)
at java.base/jdk.internal.reflect.NativeMethodAccessorImpl.invoke(NativeMethodAccessorImpl.java:77)
at java.base/jdk.internal.reflect.DelegatingMethodAccessorImpl.invoke(DelegatingMethodAccessorImpl.java:43)
at java.base/java.lang.reflect.Method.invoke(Method.java:568)
at io.appium.java_client.remote.AppiumProtocolHandshake.createSession(AppiumProtocolHandshake.java:133)
at io.appium.java_client.remote.AppiumProtocolHandshake.createSession(AppiumProtocolHandshake.java:102)
at io.appium.java_client.remote.AppiumCommandExecutor.createSession(AppiumCommandExecutor.java:176)
at io.appium.java_client.remote.AppiumCommandExecutor.execute(AppiumCommandExecutor.java:237)
at org.openqa.selenium.remote.RemoteWebDriver.execute(RemoteWebDriver.java:523)
at io.appium.java_client.AppiumDriver.startSession(AppiumDriver.java:268)
at org.openqa.selenium.remote.RemoteWebDriver.<init>(RemoteWebDriver.java:164)
at io.appium.java_client.AppiumDriver.<init>(AppiumDriver.java:90)
at io.appium.java_client.AppiumDriver.<init>(AppiumDriver.java:102)
at IOS.Login_ProUser.setup(Login_ProUser.java:37)
at java.base/jdk.internal.reflect.NativeMethodAccessorImpl.invoke0(Native Method)
at java.base/jdk.internal.reflect.NativeMethodAccessorImpl.invoke(NativeMethodAccessorImpl.java:77)
at java.base/jdk.internal.reflect.DelegatingMethodAccessorImpl.invoke(DelegatingMethodAccessorImpl.java:43)
at java.base/java.lang.reflect.Method.invoke(Method.java:568)
at org.testng.internal.invokers.MethodInvocationHelper.invokeMethod(MethodInvocationHelper.java:139)
at org.testng.internal.invokers.MethodInvocationHelper.invokeMethodConsideringTimeout(MethodInvocationHelper.java:69)
at org.testng.internal.invokers.ConfigInvoker.invokeConfigurationMethod(ConfigInvoker.java:390)
at org.testng.internal.invokers.ConfigInvoker.invokeConfigurations(ConfigInvoker.java:325)
at org.testng.internal.invokers.TestInvoker.runConfigMethods(TestInvoker.java:810)
at org.testng.internal.invokers.TestInvoker.invokeMethod(TestInvoker.java:577)
at org.testng.internal.invokers.TestInvoker.invokeTestMethod(TestInvoker.java:227)
at org.testng.internal.invokers.MethodRunner.runInSequence(MethodRunner.java:50)
at org.testng.internal.invokers.TestInvoker$MethodInvocationAgent.invoke(TestInvoker.java:957)
at org.testng.internal.invokers.TestInvoker.invokeTestMethods(TestInvoker.java:200)
at org.testng.internal.invokers.TestMethodWorker.invokeTestMethods(TestMethodWorker.java:148)
at org.testng.internal.invokers.TestMethodWorker.run(TestMethodWorker.java:128)
at java.base/java.util.ArrayList.forEach(ArrayList.java:1511)
at org.testng.TestRunner.privateRun(TestRunner.java:848)
at org.testng.TestRunner.run(TestRunner.java:621)
at org.testng.SuiteRunner.runTest(SuiteRunner.java:443)
at org.testng.SuiteRunner.runSequentially(SuiteRunner.java:437)
at org.testng.SuiteRunner.privateRun(SuiteRunner.java:397)
at org.testng.SuiteRunner.run(SuiteRunner.java:336)
at org.testng.SuiteRunnerWorker.runSuite(SuiteRunnerWorker.java:52)
at org.testng.SuiteRunnerWorker.run(SuiteRunnerWorker.java:95)
at org.testng.TestNG.runSuitesSequentially(TestNG.java:1280)
at org.testng.TestNG.runSuitesLocally(TestNG.java:1200)
at org.testng.TestNG.runSuites(TestNG.java:1114)
at org.testng.TestNG.run(TestNG.java:1082)
at org.testng.remote.AbstractRemoteTestNG.run(AbstractRemoteTestNG.java:115)
at org.testng.remote.RemoteTestNG.initAndRun(RemoteTestNG.java:251)
at org.testng.remote.RemoteTestNG.main(RemoteTestNG.java:77)
]]>
    </error>
  </testcase> <!-- setup -->
  <testcase classname="IOS.Login_ProUser" name="Dummytest01" time="0.000">
    <skipped/>
  </testcase> <!-- Dummytest01 -->
</testsuite> <!-- IOS.Login_ProUser -->
