<?xml version="1.0" encoding="UTF-8"?>
<!-- Generated by org.testng.reporters.JUnitReportReporter -->
<testsuite hostname="Rooter-HarshitMishra.local" failures="0" tests="1" name="Trial.Login_ProUser" time="27.246" errors="0" timestamp="2025-01-31T06:37:06 IST" skipped="0">
  <testcase classname="Trial.Login_ProUser" name="Dummytest01" time="27.246"/>
</testsuite> <!-- Trial.Login_ProUser -->
