<?xml version="1.0" encoding="UTF-8"?>
<!-- Generated by org.testng.reporters.JUnitReportReporter -->
<testsuite hostname="ip-192-168-1-9.ap-south-1.compute.internal" failures="0" tests="3" name="Trial.CommentCount_Script" time="246.520" errors="0" timestamp="2025-09-27T09:26:24 IST" skipped="0">
  <testcase classname="Trial.CommentCount_Script" name="CommentCountOnReel01" time="80.575"/>
  <testcase classname="Trial.CommentCount_Script" name="CommmentCountOnVideo02" time="92.634"/>
  <testcase classname="Trial.CommentCount_Script" name="CommmentCountOnSearchVideo03" time="73.311"/>
</testsuite> <!-- Trial.CommentCount_Script -->
