<?xml version="1.0" encoding="UTF-8"?>
<!-- Generated by org.testng.reporters.JUnitReportReporter -->
<testsuite hostname="Rooter-HarshitMishra.local" failures="0" tests="4" name="trial1.HotSteam_Script" time="235.045" errors="0" timestamp="2024-06-13T11:50:47 IST" skipped="0">
  <testcase classname="trial1.HotSteam_Script" name="HotsteamRS125priceValidation01" time="55.197"/>
  <testcase classname="trial1.HotSteam_Script" name="HotSteam325RSPriceValidation02" time="62.099"/>
  <testcase classname="trial1.HotSteam_Script" name="Hotsteam650RSPriceValidation03" time="59.025"/>
  <testcase classname="trial1.HotSteam_Script" name="Hotsteam975RSPriceValidation04" time="58.724"/>
</testsuite> <!-- trial1.HotSteam_Script -->
