<?xml version="1.0" encoding="UTF-8"?>
<!-- Generated by org.testng.reporters.JUnitReportReporter -->
<testsuite hostname="ip-192-168-1-9.ap-south-1.compute.internal" failures="0" tests="9" name="Trial.SelfProfile_Script" time="493.950" errors="0" timestamp="2025-09-27T09:26:24 IST" skipped="0">
  <testcase classname="Trial.SelfProfile_Script" name="Threedotsonnprofilepage1" time="44.018"/>
  <testcase classname="Trial.SelfProfile_Script" name="SelfprofilefollowerandfollowigllistandUICheck2" time="78.185"/>
  <testcase classname="Trial.SelfProfile_Script" name="SelfprofileGamePage3" time="49.166"/>
  <testcase classname="Trial.SelfProfile_Script" name="SelfProfileGamePage4" time="57.102"/>
  <testcase classname="Trial.SelfProfile_Script" name="SelfProfileChangeAppLanguage5" time="47.232"/>
  <testcase classname="Trial.SelfProfile_Script" name="DonationLink6" time="41.997"/>
  <testcase classname="Trial.SelfProfile_Script" name="ChangeAppLanguage7" time="44.317"/>
  <testcase classname="Trial.SelfProfile_Script" name="SelfProfieReelLandingTest8" time="70.205"/>
  <testcase classname="Trial.SelfProfile_Script" name="followOrUnfollow" time="61.728"/>
</testsuite> <!-- Trial.SelfProfile_Script -->
