<?xml version="1.0" encoding="UTF-8"?>
<!-- Generated by org.testng.reporters.JUnitReportReporter -->
<testsuite hostname="ip-192-168-1-9.ap-south-1.compute.internal" failures="0" tests="2" name="Trial.LikesCount_Script" time="304.936" errors="0" timestamp="2025-09-27T09:26:24 IST" skipped="0">
  <testcase classname="Trial.LikesCount_Script" name="LikesCountOnReel01" time="171.087"/>
  <testcase classname="Trial.LikesCount_Script" name="LikesCountOnVideo02" time="133.849"/>
</testsuite> <!-- Trial.LikesCount_Script -->
